<?xml version="1.0" encoding="UTF-8"?>
<!-- Generated by org.testng.reporters.JUnitReportReporter -->
<testsuite hostname="DESKTOP-DI3NTLA" failures="0" tests="1" name="Stepdefination.Testrunner" time="7.229" errors="0" timestamp="2023-01-18T17:28:56 PST" skipped="0">
  <testcase classname="Stepdefination.Testrunner" name="runScenario" time="7.229"/>
  <system-out/>
</testsuite> <!-- Stepdefination.Testrunner -->
